<?xml version="1.0" encoding="UTF-8"?>
<!-- Generated by org.testng.reporters.JUnitReportReporter -->
<testsuite hostname="DESKTOP-460RESB" failures="0" tests="2" name="com.github.marcosws.singleregistration.suite.TestSuite" time="33.543" errors="0" timestamp="2024-07-21T22:47:23 GMT-03:00" skipped="0">
  <testcase classname="com.github.marcosws.singleregistration.suite.TestSuite" name="scenario" time="16.175"/>
  <testcase classname="com.github.marcosws.singleregistration.suite.TestSuite" name="scenario" time="17.368"/>
</testsuite> <!-- com.github.marcosws.singleregistration.suite.TestSuite -->
