<?xml version="1.0" encoding="UTF-8"?>
<!-- Generated by org.testng.reporters.JUnitReportReporter -->
<testsuite hostname="PC64B001" failures="0" tests="1" name="com.github.marcosws.singleregistration.suite.TestNGSuiteRunner" time="22.181" errors="0" timestamp="2025-02-16T11:55:06 BRT" skipped="0">
  <testcase classname="com.github.marcosws.singleregistration.suite.TestNGSuiteRunner" name="scenario" time="22.181"/>
</testsuite> <!-- com.github.marcosws.singleregistration.suite.TestNGSuiteRunner -->
