<?xml version="1.0" encoding="UTF-8"?>
<!-- Generated by org.testng.reporters.JUnitReportReporter -->
<testsuite hostname="DESKTOP-460RESB" failures="0" tests="4" name="com.github.marcosws.singleregistration.suite.TestSuite" time="135.549" errors="0" timestamp="2024-07-27T19:09:29 GMT-03:00" skipped="0">
  <testcase classname="com.github.marcosws.singleregistration.suite.TestSuite" name="scenario" time="21.445"/>
  <testcase classname="com.github.marcosws.singleregistration.suite.TestSuite" name="scenario" time="46.355"/>
  <testcase classname="com.github.marcosws.singleregistration.suite.TestSuite" name="scenario" time="46.073"/>
  <testcase classname="com.github.marcosws.singleregistration.suite.TestSuite" name="scenario" time="21.676"/>
</testsuite> <!-- com.github.marcosws.singleregistration.suite.TestSuite -->
