<?xml version="1.0" encoding="UTF-8"?>
<!-- Generated by org.testng.reporters.JUnitReportReporter -->
<testsuite hostname="DESKTOP-460RESB" failures="0" tests="3" name="com.github.marcosws.singleregistration.suite.TestNGSuiteRunner" time="225.356" errors="0" timestamp="2024-07-28T21:58:34 GMT-03:00" skipped="0">
  <testcase classname="com.github.marcosws.singleregistration.suite.TestNGSuiteRunner" name="scenario" time="108.839"/>
  <testcase classname="com.github.marcosws.singleregistration.suite.TestNGSuiteRunner" name="scenario" time="53.417"/>
  <testcase classname="com.github.marcosws.singleregistration.suite.TestNGSuiteRunner" name="scenario" time="63.100"/>
</testsuite> <!-- com.github.marcosws.singleregistration.suite.TestNGSuiteRunner -->
